<?xml version="1.0" encoding="UTF-8"?>
<testsuite name="CMPE275.mvcjpalab2.AppTest" tests="1" skipped="0" failures="0" errors="0" timestamp="2016-03-31T13:22:34" hostname="lazylad" time="0.002">
  <properties/>
  <testcase name="testApp" classname="CMPE275.mvcjpalab2.AppTest" time="0.002"/>
  <system-out><![CDATA[]]></system-out>
  <system-err><![CDATA[]]></system-err>
</testsuite>
