<?xml version="1.0" encoding="UTF-8"?>
<testsuite name="CMPE275.mvcjpalab2.AppTest" tests="1" skipped="0" failures="0" errors="0" timestamp="2016-03-30T19:10:55" hostname="DESKTOP-443US0L" time="0.001">
  <properties/>
  <testcase name="testApp" classname="CMPE275.mvcjpalab2.AppTest" time="0.001"/>
  <system-out><![CDATA[]]></system-out>
  <system-err><![CDATA[]]></system-err>
</testsuite>
